生成启动时间为 2016/12/2 8:34:35。
     1>项目“D:\Microsoft Visual Studio 10.0\离散数学\幂运算和传递闭包运算\幂运算和传递闭包运算\幂运算和传递闭包运算.vcxproj”在节点 2 上(build 个目标)。
     1>InitializeBuildStatus:
         正在创建“Debug\幂运算和传递闭包运算.unsuccessfulbuild”，因为已指定“AlwaysCreate”。
       ClCompile:
         d:\Microsoft Visual Studio 10.0\VC\bin\CL.exe /c /ZI /nologo /W3 /WX- /Od /Oy- /D _UNICODE /D UNICODE /Gm /EHsc /RTC1 /MDd /GS /fp:precise /Zc:wchar_t /Zc:forScope /Fo"Debug\\" /Fd"Debug\vc100.pdb" /Gd /TP /analyze- /errorReport:prompt _Matrix.cpp main.cpp
         _Matrix.cpp
     1>d:\microsoft visual studio 10.0\离散数学\幂运算和传递闭包运算\幂运算和传递闭包运算\_matrix.cpp(85): warning C4244: “+=”: 从“float”转换到“int”，可能丢失数据
     1>d:\microsoft visual studio 10.0\离散数学\幂运算和传递闭包运算\幂运算和传递闭包运算\_matrix.cpp(89): warning C4244: “参数”: 从“int”转换到“float”，可能丢失数据
         正在生成代码...
     1>d:\microsoft visual studio 10.0\离散数学\幂运算和传递闭包运算\幂运算和传递闭包运算\_matrix.cpp(146): warning C4715: “_Matrix_Calc::Matrix_equality”: 不是所有的控件路径都返回值
         正在编译...
         main.cpp
     1>d:\microsoft visual studio 10.0\离散数学\幂运算和传递闭包运算\幂运算和传递闭包运算\main.cpp(195): warning C4244: “=”: 从“float”转换到“int”，可能丢失数据
     1>d:\microsoft visual studio 10.0\离散数学\幂运算和传递闭包运算\幂运算和传递闭包运算\main.cpp(198): warning C4244: “参数”: 从“int”转换到“float”，可能丢失数据
         正在生成代码...
       Link:
         d:\Microsoft Visual Studio 10.0\VC\bin\link.exe /ERRORREPORT:PROMPT /OUT:"D:\Microsoft Visual Studio 10.0\离散数学\幂运算和传递闭包运算\Debug\幂运算和传递闭包运算.exe" /NOLOGO kernel32.lib user32.lib gdi32.lib winspool.lib comdlg32.lib advapi32.lib shell32.lib ole32.lib oleaut32.lib uuid.lib odbc32.lib odbccp32.lib /MANIFEST /ManifestFile:"Debug\幂运算和传递闭包运算.exe.intermediate.manifest" /MANIFESTUAC:"level='asInvoker' uiAccess='false'" /DEBUG /PDB:"D:\Microsoft Visual Studio 10.0\离散数学\幂运算和传递闭包运算\Debug\幂运算和传递闭包运算.pdb" /TLBID:1 /DYNAMICBASE /NXCOMPAT /IMPLIB:"D:\Microsoft Visual Studio 10.0\离散数学\幂运算和传递闭包运算\Debug\幂运算和传递闭包运算.lib" /MACHINE:X86 Debug\main.obj
         Debug\_Matrix.obj
         LINK : 没有找到 D:\Microsoft Visual Studio 10.0\离散数学\幂运算和传递闭包运算\Debug\幂运算和传递闭包运算.exe 或上一个增量链接没有生成它；正在执行完全链接
         幂运算和传递闭包运算.vcxproj -> D:\Microsoft Visual Studio 10.0\离散数学\幂运算和传递闭包运算\Debug\幂运算和传递闭包运算.exe
       Manifest:
         C:\Program Files (x86)\Microsoft SDKs\Windows\v7.0A\bin\mt.exe /nologo /verbose /outputresource:"D:\Microsoft Visual Studio 10.0\离散数学\幂运算和传递闭包运算\Debug\幂运算和传递闭包运算.exe;#1" /manifest "Debug\幂运算和传递闭包运算.exe.intermediate.manifest"
       FinalizeBuildStatus:
         正在删除文件“Debug\幂运算和传递闭包运算.unsuccessfulbuild”。
         正在对“Debug\幂运算和传递闭包运算.lastbuildstate”执行 Touch 任务。
     1>已完成生成项目“D:\Microsoft Visual Studio 10.0\离散数学\幂运算和传递闭包运算\幂运算和传递闭包运算\幂运算和传递闭包运算.vcxproj”(build 个目标)的操作。

生成成功。

已用时间 00:00:02.38
